<?xml version = "1.0" encoding = "UTF-8"?>
<!DOCTYPE suite SYSTEM "http://testng.org/testng-1.0.dtd" >

<suite name = "Suite1">
    <test name = "Groups">
        <classes>
            <class name = "ru.lischita.les.addressbook.tests.GroupCreationTests"/>
            <class name = "ru.lischita.les.addressbook.tests.GroupModificationTests"/>
            <class name = "ru.lischita.les.addressbook.tests.GroupDeletionTests"/>
        </classes>
    </test>
</suite>