<?xml version = "1.0" encoding = "UTF-8"?>
<!DOCTYPE suite SYSTEM "http://testng.org/testng-1.0.dtd" >

<suite name = "Suite1">
    <test name = "Contacts">
        <classes>
            <class name = "ru.lischita.les.jenkins.tests.DBAddContactInGroupTest"/>
            <class name = "ru.lischita.les.jenkins.tests.ContactDeleteTest"/>
        </classes>
    </test>
</suite>